<?xml version="1.0" encoding="UTF-8"?>
<!-- Generated by org.testng.reporters.JUnitReportReporter -->
<testsuite hostname="TYSS-Piyush-Baldaniya" failures="0" tests="1" name="crm.vtiger.org.OrgTest" time="47.232" errors="0" timestamp="2026-09-25T08:42:30 IST" skipped="0">
  <testcase classname="crm.vtiger.org.OrgTest" name="createOrgTest" time="47.232">
    <system-out>
      <![CDATA[==============================================
       CREATE ORGANIZATION TEST STARTED       
==============================================
[INFO] Launching chrome browser...
[INFO] Maximizing browser window...
[INFO] Configuring implicit wait: 15 seconds...
[INFO] Navigating to Vtiger CRM application...
[INFO] Application launched successfully.
[INFO] Starting login process...
[INFO] Login process completed successfully.
[INFO] Navigating to Organizations module...
[INFO] Opening Create Organization page...
[INFO] Generated Organization Name: BlueWave Technologies_606
[INFO] Entering Organization Name...
[INFO] Opening member selection window...
[INFO] Switching to member selection window...
[INFO] Searching for organization/member: Vtiger813
[INFO] Selecting organization/member...
[INFO] Accepting alert...
[INFO] Switching back to Organization window...
[INFO] Saving Organization...
[INFO] Organization save operation completed.
[INFO] Starting Organization creation verification...
[INFO] Expected Organization Name: BlueWave Technologies_606
[INFO] Actual Organization Name: BlueWave Technologies_606
[FAIL] Failed to create organization.
[INFO] Starting logout process...
[INFO] Hovering over profile icon...
[INFO] Clicking Sign Out...
[INFO] Logout completed successfully.
[INFO] Waiting for 2 seconds before closing browser...
[INFO] Closing browser...
==============================================
       CREATE ORGANIZATION TEST FINISHED      
==============================================]]>
    </system-out>
  </testcase> <!-- createOrgTest -->
  <system-out>
    <![CDATA[==============================================
       CREATE ORGANIZATION TEST STARTED       
==============================================
[INFO] Launching chrome browser...
[INFO] Maximizing browser window...
[INFO] Configuring implicit wait: 15 seconds...
[INFO] Navigating to Vtiger CRM application...
[INFO] Application launched successfully.
[INFO] Starting login process...
[INFO] Login process completed successfully.
[INFO] Navigating to Organizations module...
[INFO] Opening Create Organization page...
[INFO] Generated Organization Name: BlueWave Technologies_606
[INFO] Entering Organization Name...
[INFO] Opening member selection window...
[INFO] Switching to member selection window...
[INFO] Searching for organization/member: Vtiger813
[INFO] Selecting organization/member...
[INFO] Accepting alert...
[INFO] Switching back to Organization window...
[INFO] Saving Organization...
[INFO] Organization save operation completed.
[INFO] Starting Organization creation verification...
[INFO] Expected Organization Name: BlueWave Technologies_606
[INFO] Actual Organization Name: BlueWave Technologies_606
[FAIL] Failed to create organization.
[INFO] Starting logout process...
[INFO] Hovering over profile icon...
[INFO] Clicking Sign Out...
[INFO] Logout completed successfully.
[INFO] Waiting for 2 seconds before closing browser...
[INFO] Closing browser...
==============================================
       CREATE ORGANIZATION TEST FINISHED      
==============================================]]>
  </system-out>
</testsuite> <!-- crm.vtiger.org.OrgTest -->
