<?xml version="1.0" encoding="UTF-8"?>
<!-- Generated by org.testng.reporters.JUnitReportReporter -->
<testsuite hostname="TYSS-Piyush-Baldaniya" failures="0" tests="3" name="testng_extra.CityTest" time="0.018" errors="0" timestamp="2026-09-25T09:07:52 IST" skipped="0">
  <testcase classname="testng_extra.CityTest" name="createNoida" time="0.011"/>
  <testcase classname="testng_extra.CityTest" name="modifyNoida" time="0.003"/>
  <testcase classname="testng_extra.CityTest" name="deleteGreaterNoida" time="0.004"/>
</testsuite> <!-- testng_extra.CityTest -->
