<?xml version="1.0" encoding="UTF-8"?>
<!-- Generated by org.testng.reporters.JUnitReportReporter -->
<testsuite hostname="TYSS-Piyush-Baldaniya" failures="0" tests="1" name="testng_extra.DemoTest" time="0.013" errors="0" timestamp="2026-09-23T09:14:18 IST" skipped="0">
  <testcase classname="testng_extra.DemoTest" name="case1" time="0.013">
    <system-out>
      <![CDATA[Hi there...]]>
    </system-out>
  </testcase> <!-- case1 -->
  <system-out>
    <![CDATA[Hi there...]]>
  </system-out>
</testsuite> <!-- testng_extra.DemoTest -->
