<?xml version="1.0" encoding="UTF-8"?>
<testng-results ignored="0" total="1" passed="1" failed="0" skipped="0">
  <reporter-output>
  </reporter-output>
  <suite started-at="2026-09-25T09:18:06 IST" name="Default suite" finished-at="2026-09-25T09:18:06 IST" duration-ms="80">
    <groups>
    </groups>
    <test started-at="2026-09-25T09:18:06 IST" name="Default test" finished-at="2026-09-25T09:18:06 IST" duration-ms="80">
      <class name="testng_extra.DemoAssertTest">
        <test-method signature="hardAssertion()[pri:0, instance:testng_extra.DemoAssertTest@1d296da]" started-at="2026-09-25T09:18:06 IST" name="hardAssertion" finished-at="2026-09-25T09:18:06 IST" duration-ms="26" status="PASS">
          <reporter-output>
          </reporter-output>
        </test-method> <!-- hardAssertion -->
      </class> <!-- testng_extra.DemoAssertTest -->
    </test> <!-- Default test -->
  </suite> <!-- Default suite -->
</testng-results>
